0 silly argv {
0 silly argv   _: [ 'list' ],
0 silly argv   lernaVersion: '8.1.8',
0 silly argv   '$0': '/Users/zhuxiansheng/Documents/demo/hardhat-lottery-me/node_modules/.bin/lerna'
0 silly argv }
1 notice cli v8.1.8
2 verbose packageConfigs Resolving packages based on package.json "workspaces" configuration.
3 verbose rootPath /Users/zhuxiansheng/Documents/demo/hardhat-lottery-me
4 error Failed to process project graph. Run "nx reset" to fix this. Please report the issue if you keep seeing it.
4 error   MultipleProjectsWithSameNameError: The following projects are defined in multiple locations:
4 error   - hardhat-smartcontract-lottery-fcc:
4 error     - packages/_server
4 error     - packages/server
4 error
4 error   To fix this, set a unique name for each project in a project.json inside the project's root. If the project does not currently have a project.json, you can create one that contains only a name.
4 error       at validateAndNormalizeProjectRootMap (/Users/zhuxiansheng/Documents/demo/hardhat-lottery-me/node_modules/nx/src/project-graph/utils/project-configuration-utils.js:436:15)
4 error       at mergeCreateNodesResults (/Users/zhuxiansheng/Documents/demo/hardhat-lottery-me/node_modules/nx/src/project-graph/utils/project-configuration-utils.js:322:9)
4 error       at /Users/zhuxiansheng/Documents/demo/hardhat-lottery-me/node_modules/nx/src/project-graph/utils/project-configuration-utils.js:267:85
4 error       at process.processTicksAndRejections (node:internal/process/task_queues:95:5)
4 error       at async buildProjectGraphAndSourceMapsWithoutDaemon (/Users/zhuxiansheng/Documents/demo/hardhat-lottery-me/node_modules/nx/src/project-graph/project-graph.js:80:31)
4 error       at async createProjectGraphAndSourceMapsAsync (/Users/zhuxiansheng/Documents/demo/hardhat-lottery-me/node_modules/nx/src/project-graph/project-graph.js:208:25)
4 error       at async createProjectGraphAsync (/Users/zhuxiansheng/Documents/demo/hardhat-lottery-me/node_modules/nx/src/project-graph/project-graph.js:198:39)
4 error       at async detectProjects (/Users/zhuxiansheng/Documents/demo/hardhat-lottery-me/node_modules/lerna/dist/index.js:2999:25)
